Sender: LSF System <lsfadmin@node5.kepler.hpc.local>
Subject: Job 27980: <MPI_1_procs_run1> in cluster <kepler.lsf.hpc.local> Done

Job <MPI_1_procs_run1> was submitted from host <mgr.kepler.hpc.local> by user <mikova.yulya09.gmail.com> in cluster <kepler.lsf.hpc.local> at Sun Jun  1 17:43:41 2025
Job was executed on host(s) <node5.kepler.hpc.local>, in queue <normal>, as user <mikova.yulya09.gmail.com> in cluster <kepler.lsf.hpc.local> at Sun Jun  1 17:43:41 2025
</home/mikova.yulya09.gmail.com> was used as the home directory.
</home/mikova.yulya09.gmail.com/Documents/newlab3> was used as the working directory.
Started at Sun Jun  1 17:43:41 2025
Terminated at Sun Jun  1 17:46:36 2025
Results reported at Sun Jun  1 17:46:36 2025

Your job looked like:

------------------------------------------------------------
# LSBATCH: User input
#!/bin/bash
#BSUB -J MPI_1_procs_run1
#BSUB -W 00:05
#BSUB -n 1
#BSUB -R "span[ptile=1]"
#BSUB -o logs/output_MPI_1_procs_run1_%J.out
#BSUB -e logs/error_MPI_1_procs_run1_%J.err
#BSUB -M 2GB

module load mpi/openmpi-x86_64
mpirun --bind-to core --map-by core ./exp_mpi

------------------------------------------------------------

Successfully completed.

Resource usage summary:

    CPU time :                                   193.18 sec.
    Max Memory :                                 904 MB
    Average Memory :                             758.37 MB
    Total Requested Memory :                     -
    Delta Memory :                               -
    Max Swap :                                   -
    Max Processes :                              20
    Max Threads :                                88
    Run time :                                   173 sec.
    Turnaround time :                            175 sec.

The output (if any) follows:

Matrix size: 3x3
Terms in Taylor series: 500000000 (+ Identity)
Number of MPI processes: 16
Execution time: 150.53 seconds
e^A (approximated)::
[   1.2638   0.4696   0.3450 ]
[   0.5010   1.1409   0.5925 ]
[   0.7374   0.3560   1.2528 ]


PS:

Read file <logs/error_MPI_1_procs_run1_27980.err> for stderr output of this job.

